Place	Dist	Sch	Nod	TxPW	SucDec	DecTot	Lost	NumTrans	TotTrans	MeanRSSI
2	1	BNC	0	18	100	100	0	182	200	-50
2	1	BNC	0	18	100	100	0	189	200	-51
2	1	BNC	0	18	100	100	0	186	200	-51
2	1	BNC	0	18	100	100	0	182	200	-51
2	1	BNC	0	18	100	100	0	178	200	-51
2	1	BNC	0	18	100	100	0	181	200	-51
2	1	BNC	0	18	100	100	0	181	200	-51
2	1	BNC	0	18	100	100	0	186	200	-52
2	1	BNC	0	18	99	100	1	180	200	-52
2	1	BNC	0	18	100	100	0	185	200	-52
2	1	BNC	0	18	100	100	0	176	200	-52
2	1	BNC	0	18	100	100	0	182	200	-51
2	1	BNC	0	18	100	100	0	182	200	-52
2	1	BNC	0	18	100	100	0	175	200	-52
2	1	BNC	0	18	100	100	0	190	200	-52
2	1	BNC	0	18	99	100	1	179	200	-52
2	1	BNC	0	18	100	100	0	183	200	-52
2	1	BNC	0	18	99	100	1	171	200	-52
2	1	BNC	0	18	99	100	1	180	200	-52
2	1	BNC	0	18	99	100	1	178	200	-52
2	1	BNC	0	18	100	100	0	182	200	-53
2	1	BNC	0	18	100	100	0	184	200	-53
2	1	BNC	0	18	100	100	0	182	200	-53
2	1	BNC	0	18	99	100	1	173	200	-52
2	1	BNC	0	18	100	100	0	184	200	-52
2	1	BNC	0	18	99	100	1	179	200	-52
2	1	BNC	0	18	100	100	0	185	200	-52
2	1	BNC	0	18	99	100	1	177	200	-52
2	1	BNC	0	18	99	100	1	175	200	-52
2	1	BNC	1	18	100	100	0	184	200	-57
2	1	BNC	1	18	100	100	0	191	200	-58
2	1	BNC	1	18	100	100	0	181	200	-58
2	1	BNC	1	18	100	100	0	176	200	-58
2	1	BNC	1	18	100	100	0	173	200	-58
2	1	BNC	1	18	100	100	0	181	200	-58
2	1	BNC	1	18	100	100	0	190	200	-58
2	1	BNC	1	18	100	100	0	180	200	-58
2	1	BNC	1	18	100	100	0	175	200	-58
2	1	BNC	1	18	100	100	0	183	200	-58
2	1	BNC	1	18	100	100	0	180	200	-58
2	1	BNC	1	18	99	100	1	177	200	-58
2	1	BNC	1	18	95	100	5	136	200	-60
2	1	BNC	1	18	94	100	6	146	200	-60
2	1	BNC	1	18	97	100	3	161	200	-60
2	1	BNC	1	18	99	100	1	169	200	-60
2	1	BNC	1	18	99	100	1	169	200	-60
2	1	BNC	1	18	100	100	0	170	200	-61
2	1	BNC	1	18	97	100	3	163	200	-61
2	1	BNC	1	18	100	100	0	175	200	-61
2	1	BNC	1	18	98	100	2	164	200	-62
2	1	BNC	1	18	100	100	0	173	200	-61
2	1	BNC	1	18	98	100	2	165	200	-62
2	1	BNC	1	18	99	100	1	174	200	-62
2	1	BNC	1	18	100	100	0	179	200	-62
2	1	BNC	1	18	99	100	1	169	200	-62
2	1	BNC	1	18	99	100	1	167	200	-62
2	1	BNC	1	18	99	100	1	170	200	-62
2	1	BNC	1	18	98	100	2	172	200	-61
2	1	DAF	0	18	99	100	1	187	200	-50
2	1	DAF	0	18	99	100	1	187	200	-50
2	1	DAF	0	18	97	100	3	188	200	-52
2	1	DAF	0	18	97	100	3	178	200	-51
2	1	DAF	0	18	99	100	1	184	200	-51
2	1	DAF	0	18	100	100	0	184	200	-51
2	1	DAF	0	18	99	100	1	185	200	-51
2	1	DAF	0	18	99	100	1	181	200	-51
2	1	DAF	0	18	100	100	0	182	200	-51
2	1	DAF	0	18	98	100	2	185	200	-52
2	1	DAF	0	18	99	100	1	173	200	-52
2	1	DAF	0	18	100	100	0	176	200	-51
2	1	DAF	0	18	0	100	100	185	200	-52
2	1	DAF	0	18	96	100	4	181	200	-52
2	1	DAF	0	18	98	100	2	185	200	-52
2	1	DAF	0	18	100	100	0	172	200	-52
2	1	DAF	0	18	99	100	1	182	200	-52
2	1	DAF	0	18	93	100	7	173	200	-51
2	1	DAF	0	18	95	100	5	176	200	-52
2	1	DAF	0	18	94	100	6	174	200	-52
2	1	DAF	0	18	97	100	3	179	200	-52
2	1	DAF	0	18	97	100	3	184	200	-52
2	1	DAF	0	18	95	100	5	172	200	-53
2	1	DAF	0	18	96	100	4	179	200	-53
2	1	DAF	0	18	97	100	3	174	200	-52
2	1	DAF	0	18	96	100	4	178	200	-52
2	1	DAF	0	18	95	100	5	177	200	-52
2	1	DAF	0	18	96	100	4	180	200	-53
2	1	DAF	0	18	97	100	3	178	200	-52
2	1	DAF	0	18	98	100	2	182	200	-52
2	1	DAF	1	18	99	100	1	186	200	-56
2	1	DAF	1	18	98	100	2	182	200	-56
2	1	DAF	1	18	99	100	1	188	200	-58
2	1	DAF	1	18	100	100	0	192	200	-58
2	1	DAF	1	18	98	100	2	184	200	-58
2	1	DAF	1	18	99	100	1	183	200	-58
2	1	DAF	1	18	98	100	2	176	200	-57
2	1	DAF	1	18	99	100	1	174	200	-58
2	1	DAF	1	18	100	100	0	186	200	-57
2	1	DAF	1	18	99	100	1	181	200	-58
2	1	DAF	1	18	98	100	2	177	200	-58
2	1	DAF	1	18	100	100	0	178	200	-58
2	1	DAF	1	18	0	100	100	140	200	-60
2	1	DAF	1	18	88	100	12	163	200	-61
2	1	DAF	1	18	94	100	6	167	200	-61
2	1	DAF	1	18	91	100	9	148	200	-60
2	1	DAF	1	18	90	100	10	168	200	-60
2	1	DAF	1	18	96	100	4	168	200	-60
2	1	DAF	1	18	89	100	11	165	200	-60
2	1	DAF	1	18	96	100	4	166	200	-60
2	1	DAF	1	18	95	100	5	174	200	-61
2	1	DAF	1	18	98	100	2	179	200	-61
2	1	DAF	1	18	91	100	9	174	200	-62
2	1	DAF	1	18	95	100	5	172	200	-62
2	1	DAF	1	18	97	100	3	164	200	-62
2	1	DAF	1	18	98	100	2	176	200	-62
2	1	DAF	1	18	92	100	8	167	200	-62
2	1	DAF	1	18	94	100	6	171	200	-62
2	1	DAF	1	18	97	100	3	176	200	-62
2	1	DAF	1	18	95	100	5	174	200	-62
2	1	DNC	0	18	99	100	1	180	200	-50
2	1	DNC	0	18	100	100	0	188	200	-51
2	1	DNC	0	18	100	100	0	184	200	-51
2	1	DNC	0	18	100	100	0	183	200	-51
2	1	DNC	0	18	100	100	0	190	200	-51
2	1	DNC	0	18	100	100	0	182	200	-51
2	1	DNC	0	18	100	100	0	184	200	-52
2	1	DNC	0	18	100	100	0	186	200	-52
2	1	DNC	0	18	100	100	0	180	200	-52
2	1	DNC	0	18	100	100	0	181	200	-52
2	1	DNC	0	18	99	100	1	183	200	-51
2	1	DNC	0	18	100	100	0	188	200	-52
2	1	DNC	0	18	100	100	0	180	200	-52
2	1	DNC	0	18	100	100	0	176	200	-52
2	1	DNC	0	18	100	100	0	185	200	-51
2	1	DNC	0	18	100	100	0	179	200	-52
2	1	DNC	0	18	100	100	0	182	200	-52
2	1	DNC	0	18	100	100	0	185	200	-51
2	1	DNC	0	18	99	100	1	169	200	-52
2	1	DNC	0	18	100	100	0	181	200	-52
2	1	DNC	0	18	99	100	1	176	200	-52
2	1	DNC	0	18	100	100	0	180	200	-52
2	1	DNC	0	18	98	100	2	184	200	-52
2	1	DNC	0	18	99	100	1	175	200	-52
2	1	DNC	0	18	100	100	0	186	200	-52
2	1	DNC	0	18	100	100	0	179	200	-52
2	1	DNC	0	18	98	100	2	180	200	-52
2	1	DNC	0	18	100	100	0	186	200	-52
2	1	DNC	0	18	100	100	0	181	200	-52
2	1	DNC	1	18	99	100	1	180	200	-56
2	1	DNC	1	18	100	100	0	175	200	-58
2	1	DNC	1	18	100	100	0	189	200	-58
2	1	DNC	1	18	100	100	0	190	200	-58
2	1	DNC	1	18	100	100	0	190	200	-58
2	1	DNC	1	18	100	100	0	183	200	-58
2	1	DNC	1	18	100	100	0	175	200	-57
2	1	DNC	1	18	100	100	0	188	200	-57
2	1	DNC	1	18	100	100	0	186	200	-58
2	1	DNC	1	18	100	100	0	179	200	-58
2	1	DNC	1	18	99	100	1	183	200	-58
2	1	DNC	1	18	94	100	6	134	200	-61
2	1	DNC	1	18	95	100	5	138	200	-61
2	1	DNC	1	18	99	100	1	147	200	-60
2	1	DNC	1	18	100	100	0	164	200	-60
2	1	DNC	1	18	97	100	3	162	200	-60
2	1	DNC	1	18	98	100	2	174	200	-60
2	1	DNC	1	18	100	100	0	175	200	-61
2	1	DNC	1	18	99	100	1	158	200	-61
2	1	DNC	1	18	99	100	1	161	200	-61
2	1	DNC	1	18	99	100	1	187	200	-61
2	1	DNC	1	18	99	100	1	179	200	-61
2	1	DNC	1	18	96	100	4	152	200	-62
2	1	DNC	1	18	100	100	0	162	200	-62
2	1	DNC	1	18	99	100	1	169	200	-62
2	1	DNC	1	18	100	100	0	176	200	-62
2	1	DNC	1	18	99	100	1	178	200	-62
2	1	DNC	1	18	100	100	0	180	200	-62
2	1	DNC	1	18	100	100	0	177	200	-62
2	1	DNC	0	18	100	100	0	185	200	-50
2	1	DNC	0	18	99	100	1	182	200	-51
2	1	DNC	0	18	99	100	1	179	200	-51
2	1	DNC	0	18	100	100	0	187	200	-51
2	1	DNC	0	18	100	100	0	184	200	-51
2	1	DNC	0	18	100	100	0	188	200	-51
2	1	DNC	0	18	100	100	0	181	200	-52
2	1	DNC	0	18	100	100	0	182	200	-52
2	1	DNC	0	18	100	100	0	179	200	-52
2	1	DNC	0	18	99	100	1	177	200	-52
2	1	DNC	0	18	100	100	0	183	200	-52
2	1	DNC	0	18	100	100	0	179	200	-52
2	1	DNC	0	18	99	100	1	178	200	-52
2	1	DNC	0	18	100	100	0	177	200	-52
2	1	DNC	0	18	100	100	0	179	200	-52
2	1	DNC	0	18	100	100	0	183	200	-51
2	1	DNC	0	18	98	100	2	172	200	-52
2	1	DNC	0	18	99	100	1	174	200	-52
2	1	DNC	0	18	99	100	1	182	200	-52
2	1	DNC	0	18	100	100	0	176	200	-53
2	1	DNC	0	18	100	100	0	182	200	-53
2	1	DNC	0	18	100	100	0	182	200	-53
2	1	DNC	0	18	100	100	0	189	200	-52
2	1	DNC	0	18	99	100	1	179	200	-52
2	1	DNC	0	18	99	100	1	180	200	-52
2	1	DNC	0	18	100	100	0	187	200	-52
2	1	DNC	0	18	99	100	1	174	200	-52
2	1	DNC	0	18	100	100	0	186	200	-52
2	1	DNC	0	18	99	100	1	178	200	-53
2	1	DNC	1	18	100	100	0	175	200	-56
2	1	DNC	1	18	100	100	0	183	200	-58
2	1	DNC	1	18	100	100	0	179	200	-58
2	1	DNC	1	18	100	100	0	183	200	-58
2	1	DNC	1	18	100	100	0	183	200	-58
2	1	DNC	1	18	100	100	0	178	200	-58
2	1	DNC	1	18	100	100	0	174	200	-58
2	1	DNC	1	18	100	100	0	171	200	-58
2	1	DNC	1	18	100	100	0	188	200	-58
2	1	DNC	1	18	100	100	0	173	200	-58
2	1	DNC	1	18	100	100	0	183	200	-58
2	1	DNC	1	18	95	100	5	133	200	-61
2	1	DNC	1	18	97	100	3	161	200	-61
2	1	DNC	1	18	100	100	0	161	200	-60
2	1	DNC	1	18	99	100	1	162	200	-60
2	1	DNC	1	18	98	100	2	164	200	-60
2	1	DNC	1	18	99	100	1	169	200	-60
2	1	DNC	1	18	99	100	1	167	200	-61
2	1	DNC	1	18	99	100	1	173	200	-61
2	1	DNC	1	18	98	100	2	164	200	-61
2	1	DNC	1	18	100	100	0	163	200	-62
2	1	DNC	1	18	100	100	0	168	200	-62
2	1	DNC	1	18	98	100	2	162	200	-62
2	1	DNC	1	18	99	100	1	173	200	-62
2	1	DNC	1	18	100	100	0	173	200	-62
2	1	DNC	1	18	99	100	1	176	200	-62
2	1	DNC	1	18	99	100	1	161	200	-62
2	1	DNC	1	18	97	100	3	170	200	-62
2	1	DNC	1	18	99	100	1	177	200	-62
2	2	BNC	0	18	95	100	5	159	200	-70
2	2	BNC	0	18	99	100	1	166	200	-69
2	2	BNC	0	18	99	100	1	181	200	-69
2	2	BNC	0	18	97	100	3	151	200	-69
2	2	BNC	0	18	98	100	2	167	200	-68
2	2	BNC	0	18	99	100	1	169	200	-67
2	2	BNC	0	18	99	100	1	161	200	-68
2	2	BNC	0	18	100	100	0	179	200	-68
2	2	BNC	0	18	100	100	0	183	200	-68
2	2	BNC	0	18	99	100	1	169	200	-68
2	2	BNC	0	18	99	100	1	174	200	-68
2	2	BNC	0	18	99	100	1	176	200	-68
2	2	BNC	0	18	100	100	0	178	200	-68
2	2	BNC	0	18	100	100	0	180	200	-68
2	2	BNC	0	18	97	100	3	167	200	-67
2	2	BNC	0	18	100	100	0	177	200	-67
2	2	BNC	0	18	99	100	1	173	200	-67
2	2	BNC	0	18	100	100	0	181	200	-66
2	2	BNC	0	18	97	100	3	163	200	-66
2	2	BNC	0	18	100	100	0	179	200	-66
2	2	BNC	0	18	97	100	3	162	200	-67
2	2	BNC	1	18	95	100	5	134	200	-75
2	2	BNC	1	18	95	100	5	127	200	-76
2	2	BNC	1	18	97	100	3	170	200	-74
2	2	BNC	1	18	97	100	3	159	200	-74
2	2	BNC	1	18	93	100	7	127	200	-73
2	2	BNC	1	18	95	100	5	137	200	-73
2	2	BNC	1	18	95	100	5	142	200	-74
2	2	BNC	1	18	94	100	6	136	200	-74
2	2	BNC	1	18	95	100	5	154	200	-75
2	2	BNC	1	18	90	100	10	140	200	-74
2	2	BNC	1	18	92	100	8	158	200	-74
2	2	BNC	1	18	93	100	7	140	200	-74
2	2	BNC	1	18	95	100	5	148	200	-74
2	2	BNC	1	18	89	100	11	139	200	-74
2	2	BNC	1	18	85	100	15	134	200	-74
2	2	BNC	1	18	95	100	5	143	200	-74
2	2	BNC	1	18	96	100	4	149	200	-74
2	2	BNC	1	18	91	100	9	152	200	-74
2	2	BNC	1	18	92	100	8	158	200	-74
2	2	BNC	1	18	94	100	6	148	200	-73
2	2	BNC	1	18	95	100	5	152	200	-72
2	2	DAF	0	18	94	100	6	161	200	-71
2	2	DAF	0	18	84	100	16	165	200	-69
2	2	DAF	0	18	96	100	4	175	200	-69
2	2	DAF	0	18	92	100	8	172	200	-69
2	2	DAF	0	18	84	100	16	154	200	-69
2	2	DAF	0	18	97	100	3	177	200	-69
2	2	DAF	0	18	96	100	4	169	200	-69
2	2	DAF	0	18	83	100	17	159	200	-68
2	2	DAF	0	18	99	100	1	178	200	-68
2	2	DAF	0	18	90	100	10	161	200	-68
2	2	DAF	0	18	96	100	4	167	200	-68
2	2	DAF	0	18	94	100	6	172	200	-68
2	2	DAF	0	18	97	100	3	183	200	-68
2	2	DAF	0	18	96	100	4	173	200	-68
2	2	DAF	0	18	94	100	6	166	200	-68
2	2	DAF	0	18	96	100	4	176	200	-68
2	2	DAF	0	18	97	100	3	167	200	-68
2	2	DAF	0	18	100	100	0	172	200	-68
2	2	DAF	0	18	99	100	1	179	200	-67
2	2	DAF	0	18	99	100	1	175	200	-67
2	2	DAF	0	18	98	100	2	172	200	-68
2	2	DAF	0	18	99	100	1	179	200	-68
2	2	DAF	0	18	96	100	4	180	200	-67
2	2	DAF	0	18	97	100	3	169	200	-67
2	2	DAF	0	18	98	100	2	175	200	-67
2	2	DAF	0	18	100	100	0	177	200	-67
2	2	DAF	0	18	96	100	4	175	200	-66
2	2	DAF	0	18	98	100	2	184	200	-67
2	2	DAF	0	18	100	100	0	175	200	-67
2	2	DAF	0	18	92	100	8	174	200	-66
2	2	DAF	0	18	97	100	3	167	200	-66
2	2	DAF	0	18	86	100	14	171	200	-66
2	2	DAF	0	18	96	100	4	181	200	-67
2	2	DAF	1	18	85	100	15	133	200	-75
2	2	DAF	1	18	89	100	11	147	200	-75
2	2	DAF	1	18	90	100	10	152	200	-75
2	2	DAF	1	18	97	100	3	170	200	-75
2	2	DAF	1	18	88	100	12	148	200	-75
2	2	DAF	1	18	94	100	6	172	200	-74
2	2	DAF	1	18	97	100	3	169	200	-74
2	2	DAF	1	18	89	100	11	97	200	-73
2	2	DAF	1	18	90	100	10	157	200	-74
2	2	DAF	1	18	78	100	22	122	200	-74
2	2	DAF	1	18	90	100	10	144	200	-74
2	2	DAF	1	18	93	100	7	150	200	-74
2	2	DAF	1	18	91	100	9	148	200	-74
2	2	DAF	1	18	78	100	22	108	200	-74
2	2	DAF	1	18	88	100	12	109	200	-75
2	2	DAF	1	18	76	100	24	142	200	-74
2	2	DAF	1	18	64	100	36	133	200	-74
2	2	DAF	1	18	71	100	29	150	200	-74
2	2	DAF	1	18	90	100	10	165	200	-73
2	2	DAF	1	18	84	100	16	149	200	-74
2	2	DAF	1	18	90	100	10	155	200	-74
2	2	DAF	1	18	84	100	16	151	200	-74
2	2	DAF	1	18	87	100	13	148	200	-73
2	2	DAF	1	18	73	100	27	133	200	-74
2	2	DAF	1	18	79	100	21	131	200	-74
2	2	DAF	1	18	87	100	13	152	200	-74
2	2	DAF	1	18	75	100	25	139	200	-74
2	2	DAF	1	18	94	100	6	170	200	-74
2	2	DAF	1	18	90	100	10	156	200	-74
2	2	DAF	1	18	88	100	12	147	200	-73
2	2	DAF	1	18	85	100	15	137	200	-73
2	2	DAF	1	18	84	100	16	122	200	-72
2	2	DAF	1	18	94	100	6	167	200	-73
2	2	DNC	0	18	100	100	0	168	200	-70
2	2	DNC	0	18	99	100	1	178	200	-69
2	2	DNC	0	18	100	100	0	181	200	-69
2	2	DNC	0	18	99	100	1	178	200	-69
2	2	DNC	0	18	94	100	6	154	200	-69
2	2	DNC	0	18	98	100	2	177	200	-69
2	2	DNC	0	18	100	100	0	177	200	-69
2	2	DNC	0	18	95	100	5	164	200	-68
2	2	DNC	0	18	99	100	1	168	200	-68
2	2	DNC	0	18	100	100	0	181	200	-68
2	2	DNC	0	18	99	100	1	168	200	-67
2	2	DNC	0	18	96	100	4	168	200	-68
2	2	DNC	0	18	100	100	0	173	200	-68
2	2	DNC	0	18	100	100	0	178	200	-68
2	2	DNC	0	18	100	100	0	172	200	-68
2	2	DNC	0	18	99	100	1	174	200	-68
2	2	DNC	0	18	100	100	0	173	200	-68
2	2	DNC	0	18	99	100	1	181	200	-67
2	2	DNC	0	18	95	100	5	165	200	-68
2	2	DNC	0	18	99	100	1	178	200	-68
2	2	DNC	0	18	100	100	0	183	200	-67
2	2	DNC	0	18	96	100	4	165	200	-67
2	2	DNC	0	18	100	100	0	174	200	-67
2	2	DNC	0	18	100	100	0	184	200	-66
2	2	DNC	0	18	94	100	6	166	200	-67
2	2	DNC	0	18	99	100	1	181	200	-67
2	2	DNC	0	18	99	100	1	186	200	-66
2	2	DNC	0	18	100	100	0	182	200	-66
2	2	DNC	0	18	98	100	2	171	200	-66
2	2	DNC	0	18	99	100	1	170	200	-66
2	2	DNC	1	18	98	100	2	154	200	-75
2	2	DNC	1	18	98	100	2	158	200	-76
2	2	DNC	1	18	99	100	1	153	200	-75
2	2	DNC	1	18	98	100	2	147	200	-74
2	2	DNC	1	18	96	100	4	137	200	-75
2	2	DNC	1	18	97	100	3	164	200	-74
2	2	DNC	1	18	93	100	7	133	200	-74
2	2	DNC	1	18	91	100	9	155	200	-73
2	2	DNC	1	18	97	100	3	155	200	-74
2	2	DNC	1	18	96	100	4	152	200	-74
2	2	DNC	1	18	94	100	6	143	200	-74
2	2	DNC	1	18	86	100	14	117	200	-74
2	2	DNC	1	18	90	100	10	125	200	-74
2	2	DNC	1	18	95	100	5	164	200	-74
2	2	DNC	1	18	95	100	5	163	200	-74
2	2	DNC	1	18	95	100	5	162	200	-73
2	2	DNC	1	18	95	100	5	157	200	-74
2	2	DNC	1	18	97	100	3	166	200	-74
2	2	DNC	1	18	86	100	14	134	200	-74
2	2	DNC	1	18	89	100	11	133	200	-74
2	2	DNC	1	18	94	100	6	146	200	-74
2	2	DNC	1	18	81	100	19	122	200	-74
2	2	DNC	1	18	92	100	8	151	200	-74
2	2	DNC	1	18	89	100	11	140	200	-75
2	2	DNC	1	18	88	100	12	140	200	-75
2	2	DNC	1	18	94	100	6	161	200	-74
2	2	DNC	1	18	95	100	5	151	200	-74
2	2	DNC	1	18	99	100	1	173	200	-72
2	2	DNC	1	18	96	100	4	160	200	-73
2	2	DNC	1	18	97	100	3	155	200	-73
2	2	DNC	0	18	100	100	0	183	200	-70
2	2	DNC	0	18	99	100	1	182	200	-69
2	2	DNC	0	18	100	100	0	172	200	-69
2	2	DNC	0	18	98	100	2	182	200	-69
2	2	DNC	0	18	99	100	1	181	200	-69
2	2	DNC	0	18	98	100	2	172	200	-69
2	2	DNC	0	18	99	100	1	160	200	-70
2	2	DNC	0	18	100	100	0	181	200	-67
2	2	DNC	0	18	100	100	0	172	200	-68
2	2	DNC	0	18	91	100	9	161	200	-68
2	2	DNC	0	18	97	100	3	173	200	-68
2	2	DNC	0	18	97	100	3	168	200	-68
2	2	DNC	0	18	98	100	2	176	200	-67
2	2	DNC	0	18	98	100	2	177	200	-68
2	2	DNC	0	18	98	100	2	178	200	-68
2	2	DNC	0	18	100	100	0	184	200	-68
2	2	DNC	0	18	97	100	3	166	200	-68
2	2	DNC	0	18	100	100	0	173	200	-68
2	2	DNC	0	18	100	100	0	174	200	-67
2	2	DNC	0	18	100	100	0	181	200	-68
2	2	DNC	0	18	100	100	0	173	200	-68
2	2	DNC	0	18	100	100	0	180	200	-68
2	2	DNC	0	18	99	100	1	174	200	-68
2	2	DNC	0	18	99	100	1	179	200	-67
2	2	DNC	0	18	100	100	0	179	200	-67
2	2	DNC	0	18	100	100	0	176	200	-67
2	2	DNC	0	18	97	100	3	169	200	-66
2	2	DNC	0	18	99	100	1	184	200	-67
2	2	DNC	0	18	98	100	2	174	200	-67
2	2	DNC	0	18	98	100	2	170	200	-66
2	2	DNC	0	18	93	100	7	159	200	-66
2	2	DNC	0	18	100	100	0	177	200	-66
2	2	DNC	0	18	99	100	1	179	200	-66
2	2	DNC	0	18	96	100	4	177	200	-66
2	2	DNC	1	18	99	100	1	159	200	-75
2	2	DNC	1	18	94	100	6	128	200	-76
2	2	DNC	1	18	99	100	1	154	200	-75
2	2	DNC	1	18	96	100	4	159	200	-75
2	2	DNC	1	18	99	100	1	165	200	-75
2	2	DNC	1	18	99	100	1	150	200	-74
2	2	DNC	1	18	97	100	3	147	200	-74
2	2	DNC	1	18	95	100	5	139	200	-73
2	2	DNC	1	18	93	100	7	141	200	-73
2	2	DNC	1	18	88	100	12	132	200	-74
2	2	DNC	1	18	92	100	8	120	200	-74
2	2	DNC	1	18	92	100	8	136	200	-74
2	2	DNC	1	18	94	100	6	137	200	-74
2	2	DNC	1	18	92	100	8	129	200	-74
2	2	DNC	1	18	93	100	7	129	200	-74
2	2	DNC	1	18	89	100	11	133	200	-74
2	2	DNC	1	18	92	100	8	134	200	-74
2	2	DNC	1	18	94	100	6	155	200	-74
2	2	DNC	1	18	94	100	6	158	200	-73
2	2	DNC	1	18	98	100	2	166	200	-74
2	2	DNC	1	18	94	100	6	152	200	-74
2	2	DNC	1	18	91	100	9	137	200	-74
2	2	DNC	1	18	85	100	15	126	200	-74
2	2	DNC	1	18	92	100	8	150	200	-74
2	2	DNC	1	18	93	100	7	155	200	-74
2	2	DNC	1	18	88	100	12	124	200	-74
2	2	DNC	1	18	90	100	10	145	200	-74
2	2	DNC	1	18	95	100	5	152	200	-74
2	2	DNC	1	18	94	100	6	140	200	-74
2	2	DNC	1	18	94	100	6	153	200	-74
2	2	DNC	1	18	92	100	8	158	200	-73
2	2	DNC	1	18	98	100	2	172	200	-72
2	2	DNC	1	18	92	100	8	153	200	-73
2	2	DNC	1	18	92	100	8	147	200	-74
2	3	BNC	0	18	50	50	0	79	100	-68
2	3	BNC	0	18	43	50	7	75	100	-68
2	3	BNC	0	18	47	50	3	76	100	-68
2	3	BNC	0	18	50	50	0	80	100	-68
2	3	BNC	0	18	49	50	1	88	100	-68
2	3	BNC	0	18	49	50	1	84	100	-68
2	3	BNC	0	18	50	50	0	87	100	-68
2	3	BNC	0	18	49	50	1	83	100	-68
2	3	BNC	0	18	50	50	0	83	100	-68
2	3	BNC	0	18	49	50	1	76	100	-68
2	3	BNC	0	18	47	50	3	70	100	-68
2	3	BNC	0	18	50	50	0	90	100	-68
2	3	BNC	0	18	47	50	3	71	100	-68
2	3	BNC	0	18	48	50	2	76	100	-68
2	3	BNC	0	18	48	50	2	85	100	-68
2	3	BNC	0	18	48	50	2	80	100	-68
2	3	BNC	0	18	49	50	1	85	100	-68
2	3	BNC	0	18	50	50	0	89	100	-68
2	3	BNC	0	18	49	50	1	83	100	-68
2	3	BNC	0	18	49	50	1	83	100	-68
2	3	BNC	0	18	39	50	11	51	100	-68
2	3	BNC	0	18	41	50	9	64	100	-68
2	3	BNC	0	18	42	50	8	69	100	-68
2	3	BNC	0	18	46	50	4	70	100	-68
2	3	BNC	0	18	48	50	2	79	100	-68
2	3	BNC	0	18	45	50	5	63	100	-68
2	3	BNC	0	18	47	50	3	73	100	-68
2	3	BNC	0	18	47	50	3	72	100	-68
2	3	BNC	0	18	47	50	3	72	100	-68
2	3	BNC	0	18	44	50	6	66	100	-68
2	3	BNC	0	18	49	50	1	77	100	-68
2	3	BNC	0	18	43	50	7	70	100	-68
2	3	BNC	0	18	48	50	2	73	100	-68
2	3	BNC	0	18	44	50	6	66	100	-68
2	3	BNC	0	18	49	50	1	82	100	-68
2	3	BNC	0	18	46	50	4	71	100	-68
2	3	BNC	0	18	48	50	2	76	100	-68
2	3	BNC	0	18	46	50	4	67	100	-68
2	3	BNC	0	18	49	50	1	78	100	-68
2	3	BNC	0	18	42	50	8	70	100	-68
2	3	BNC	0	18	28	50	22	38	100	-68
2	3	BNC	0	18	29	50	21	43	100	-68
2	3	BNC	0	18	46	50	4	68	100	-68
2	3	BNC	0	18	48	50	2	76	100	-68
2	3	BNC	0	18	49	50	1	76	100	-68
2	3	BNC	0	18	43	50	7	58	100	-68
2	3	BNC	0	18	45	50	5	73	100	-68
2	3	BNC	0	18	47	50	3	79	100	-68
2	3	BNC	0	18	48	50	2	76	100	-68
2	3	BNC	1	18	39	50	11	47	100	-73
2	3	BNC	1	18	33	50	17	36	100	-73
2	3	BNC	1	18	43	50	7	56	100	-73
2	3	BNC	1	18	45	50	5	67	100	-73
2	3	BNC	1	18	46	50	4	70	100	-73
2	3	BNC	1	18	42	50	8	61	100	-73
2	3	BNC	1	18	42	50	8	51	100	-73
2	3	BNC	1	18	46	50	4	68	100	-73
2	3	BNC	1	18	45	50	5	67	100	-73
2	3	BNC	1	18	43	50	7	56	100	-73
2	3	BNC	1	18	45	50	5	61	100	-73
2	3	BNC	1	18	44	50	6	61	100	-73
2	3	BNC	1	18	42	50	8	50	100	-73
2	3	BNC	1	18	41	50	9	48	100	-73
2	3	BNC	1	18	42	50	8	63	100	-73
2	3	BNC	1	18	36	50	14	51	100	-73
2	3	BNC	1	18	45	50	5	61	100	-73
2	3	BNC	1	18	49	50	1	74	100	-73
2	3	BNC	1	18	47	50	3	63	100	-73
2	3	BNC	1	18	37	50	13	47	100	-73
2	3	BNC	1	18	26	50	24	21	100	-74
2	3	BNC	1	18	37	50	13	51	100	-73
2	3	BNC	1	18	42	50	8	60	100	-73
2	3	BNC	1	18	42	50	8	60	100	-73
2	3	BNC	1	18	37	50	13	25	100	-73
2	3	BNC	1	18	41	50	9	43	100	-74
2	3	BNC	1	18	42	50	8	59	100	-74
2	3	BNC	1	18	38	50	12	33	100	-73
2	3	BNC	1	18	40	50	10	41	100	-73
2	3	BNC	1	18	39	50	11	49	100	-74
2	3	BNC	1	18	43	50	7	46	100	-73
2	3	BNC	1	18	41	50	9	57	100	-73
2	3	BNC	1	18	41	50	9	48	100	-74
2	3	BNC	1	18	40	50	10	60	100	-73
2	3	BNC	1	18	41	50	9	45	100	-73
2	3	BNC	1	18	44	50	6	57	100	-74
2	3	BNC	1	18	40	50	10	59	100	-73
2	3	BNC	1	18	43	50	7	55	100	-73
2	3	BNC	1	18	44	50	6	63	100	-73
2	3	BNC	1	18	42	50	8	55	100	-73
2	3	BNC	1	18	28	50	22	33	100	-74
2	3	BNC	1	18	19	50	31	21	100	-74
2	3	BNC	1	18	43	50	7	63	100	-73
2	3	BNC	1	18	46	50	4	58	100	-73
2	3	BNC	1	18	44	50	6	59	100	-74
2	3	BNC	1	18	42	50	8	49	100	-73
2	3	BNC	1	18	45	50	5	60	100	-73
2	3	BNC	1	18	44	50	6	50	100	-73
2	3	BNC	1	18	43	50	7	59	100	-73
2	3	DAF	0	18	48	50	2	82	100	-68
2	3	DAF	0	18	45	50	5	87	100	-68
2	3	DAF	0	18	47	50	3	87	100	-68
2	3	DAF	0	18	39	50	11	74	100	-68
2	3	DAF	0	18	45	50	5	84	100	-68
2	3	DAF	0	18	46	50	4	87	100	-68
2	3	DAF	0	18	46	50	4	77	100	-68
2	3	DAF	0	18	50	50	0	89	100	-68
2	3	DAF	0	18	45	50	5	76	100	-68
2	3	DAF	0	18	44	50	6	85	100	-68
2	3	DAF	0	18	49	50	1	88	100	-68
2	3	DAF	0	18	43	50	7	81	100	-68
2	3	DAF	0	18	46	50	4	76	100	-68
2	3	DAF	0	18	46	50	4	93	100	-68
2	3	DAF	0	18	43	50	7	70	100	-68
2	3	DAF	0	18	43	50	7	74	100	-68
2	3	DAF	0	18	44	50	6	75	100	-68
2	3	DAF	0	18	43	50	7	72	100	-68
2	3	DAF	0	18	45	50	5	79	100	-68
2	3	DAF	0	18	38	50	12	65	100	-68
2	3	DAF	0	18	38	50	12	63	100	-68
2	3	DAF	0	18	38	50	12	63	100	-68
2	3	DAF	0	18	32	50	18	51	100	-68
2	3	DAF	0	18	40	50	10	68	100	-68
2	3	DAF	0	18	43	50	7	78	100	-68
2	3	DAF	0	18	34	50	16	61	100	-68
2	3	DAF	0	18	47	50	3	81	100	-68
2	3	DAF	0	18	43	50	7	72	100	-68
2	3	DAF	0	18	38	50	12	73	100	-68
2	3	DAF	0	18	34	50	16	69	100	-68
2	3	DAF	0	18	48	50	2	78	100	-68
2	3	DAF	0	18	44	50	6	74	100	-68
2	3	DAF	0	18	49	50	1	78	100	-68
2	3	DAF	0	18	24	50	26	41	100	-68
2	3	DAF	0	18	45	50	5	78	100	-68
2	3	DAF	0	18	40	50	10	75	100	-68
2	3	DAF	0	18	48	50	2	82	100	-68
2	3	DAF	0	18	44	50	6	72	100	-68
2	3	DAF	0	18	41	50	9	70	100	-68
2	3	DAF	0	18	37	50	13	63	100	-68
2	3	DAF	0	18	41	50	9	73	100	-68
2	3	DAF	0	18	44	50	6	72	100	-68
2	3	DAF	0	18	37	50	13	58	100	-68
2	3	DAF	0	18	40	50	10	73	100	-68
2	3	DAF	0	18	46	50	4	77	100	-68
2	3	DAF	0	18	44	50	6	76	100	-68
2	3	DAF	0	18	43	50	7	83	100	-68
2	3	DAF	0	18	41	50	9	68	100	-68
2	3	DAF	0	18	47	50	3	77	100	-68
2	3	DAF	0	18	38	50	12	75	100	-68
2	3	DAF	0	18	44	50	6	76	100	-68
2	3	DAF	1	18	37	50	13	66	100	-73
2	3	DAF	1	18	44	50	6	63	100	-73
2	3	DAF	1	18	41	50	9	67	100	-73
2	3	DAF	1	18	39	50	11	62	100	-73
2	3	DAF	1	18	43	50	7	72	100	-73
2	3	DAF	1	18	42	50	8	69	100	-73
2	3	DAF	1	18	32	50	18	51	100	-73
2	3	DAF	1	18	44	50	6	77	100	-73
2	3	DAF	1	18	39	50	11	72	100	-73
2	3	DAF	1	18	38	50	12	59	100	-73
2	3	DAF	1	18	35	50	15	60	100	-73
2	3	DAF	1	18	45	50	5	66	100	-73
2	3	DAF	1	18	33	50	17	60	100	-74
2	3	DAF	1	18	46	50	4	76	100	-73
2	3	DAF	1	18	30	50	20	49	100	-73
2	3	DAF	1	18	38	50	12	51	100	-73
2	3	DAF	1	18	34	50	16	51	100	-73
2	3	DAF	1	18	35	50	15	55	100	-73
2	3	DAF	1	18	29	50	21	46	100	-73
2	3	DAF	1	18	34	50	16	48	100	-73
2	3	DAF	1	18	33	50	17	56	100	-74
2	3	DAF	1	18	29	50	21	41	100	-73
2	3	DAF	1	18	21	50	29	28	100	-73
2	3	DAF	1	18	30	50	20	44	100	-74
2	3	DAF	1	18	45	50	5	72	100	-73
2	3	DAF	1	18	36	50	14	42	100	-73
2	3	DAF	1	18	39	50	11	60	100	-73
2	3	DAF	1	18	38	50	12	64	100	-73
2	3	DAF	1	18	42	50	8	57	100	-74
2	3	DAF	1	18	42	50	8	57	100	-73
2	3	DAF	1	18	30	50	20	55	100	-73
2	3	DAF	1	18	34	50	16	42	100	-74
2	3	DAF	1	18	38	50	12	59	100	-73
2	3	DAF	1	18	21	50	29	31	100	-74
2	3	DAF	1	18	38	50	12	59	100	-74
2	3	DAF	1	18	39	50	11	57	100	-73
2	3	DAF	1	18	37	50	13	71	100	-73
2	3	DAF	1	18	33	50	17	62	100	-73
2	3	DAF	1	18	40	50	10	66	100	-73
2	3	DAF	1	18	43	50	7	77	100	-73
2	3	DAF	1	18	44	50	6	57	100	-73
2	3	DAF	1	18	35	50	15	37	100	-74
2	3	DAF	1	18	35	50	15	48	100	-73
2	3	DAF	1	18	42	50	8	57	100	-73
2	3	DAF	1	18	36	50	14	63	100	-74
2	3	DAF	1	18	34	50	16	62	100	-74
2	3	DAF	1	18	39	50	11	66	100	-73
2	3	DAF	1	18	38	50	12	54	100	-73
2	3	DAF	1	18	32	50	18	50	100	-73
2	3	DAF	1	18	44	50	6	63	100	-74
2	3	DAF	1	18	32	50	18	45	100	-74
2	3	DNC	0	18	46	50	4	73	100	-67
2	3	DNC	0	18	48	50	2	80	100	-68
2	3	DNC	0	18	48	50	2	80	100	-68
2	3	DNC	0	18	50	50	0	85	100	-68
2	3	DNC	0	18	46	50	4	74	100	-68
2	3	DNC	0	18	50	50	0	92	100	-68
2	3	DNC	0	18	49	50	1	88	100	-68
2	3	DNC	0	18	49	50	1	83	100	-68
2	3	DNC	0	18	47	50	3	75	100	-68
2	3	DNC	0	18	49	50	1	85	100	-68
2	3	DNC	0	18	50	50	0	85	100	-68
2	3	DNC	0	18	49	50	1	84	100	-68
2	3	DNC	0	18	49	50	1	82	100	-68
2	3	DNC	0	18	50	50	0	80	100	-68
2	3	DNC	0	18	48	50	2	80	100	-68
2	3	DNC	0	18	46	50	4	71	100	-68
2	3	DNC	0	18	43	50	7	71	100	-68
2	3	DNC	0	18	46	50	4	74	100	-68
2	3	DNC	0	18	46	50	4	72	100	-68
2	3	DNC	0	18	50	50	0	86	100	-68
2	3	DNC	0	18	49	50	1	75	100	-68
2	3	DNC	0	18	47	50	3	69	100	-68
2	3	DNC	0	18	44	50	6	71	100	-68
2	3	DNC	0	18	37	50	13	57	100	-68
2	3	DNC	0	18	38	50	12	53	100	-68
2	3	DNC	0	18	38	50	12	56	100	-68
2	3	DNC	0	18	47	50	3	78	100	-68
2	3	DNC	0	18	45	50	5	72	100	-68
2	3	DNC	0	18	49	50	1	86	100	-68
2	3	DNC	0	18	47	50	3	73	100	-68
2	3	DNC	0	18	45	50	5	70	100	-68
2	3	DNC	0	18	50	50	0	76	100	-68
2	3	DNC	0	18	42	50	8	63	100	-68
2	3	DNC	0	18	49	50	1	75	100	-68
2	3	DNC	0	18	35	50	15	47	100	-68
2	3	DNC	0	18	45	50	5	69	100	-68
2	3	DNC	0	18	43	50	7	68	100	-68
2	3	DNC	0	18	47	50	3	79	100	-68
2	3	DNC	0	18	47	50	3	79	100	-68
2	3	DNC	0	18	48	50	2	79	100	-68
2	3	DNC	0	18	46	50	4	74	100	-68
2	3	DNC	0	18	47	50	3	77	100	-68
2	3	DNC	0	18	43	50	7	69	100	-68
2	3	DNC	0	18	38	50	12	60	100	-68
2	3	DNC	0	18	45	50	5	75	100	-68
2	3	DNC	0	18	45	50	5	70	100	-68
2	3	DNC	0	18	41	50	9	65	100	-68
2	3	DNC	0	18	41	50	9	61	100	-68
2	3	DNC	0	18	43	50	7	71	100	-68
2	3	DNC	0	18	46	50	4	69	100	-68
2	3	DNC	0	18	50	50	0	85	100	-68
2	3	DNC	0	18	47	50	3	78	100	-68
2	3	DNC	0	18	48	50	2	79	100	-68
2	3	DNC	1	18	45	50	5	64	100	-73
2	3	DNC	1	18	42	50	8	57	100	-73
2	3	DNC	1	18	44	50	6	51	100	-73
2	3	DNC	1	18	39	50	11	53	100	-73
2	3	DNC	1	18	44	50	6	60	100	-73
2	3	DNC	1	18	47	50	3	65	100	-73
2	3	DNC	1	18	47	50	3	72	100	-73
2	3	DNC	1	18	46	50	4	63	100	-73
2	3	DNC	1	18	38	50	12	54	100	-73
2	3	DNC	1	18	46	50	4	61	100	-73
2	3	DNC	1	18	47	50	3	68	100	-73
2	3	DNC	1	18	43	50	7	61	100	-73
2	3	DNC	1	18	44	50	6	60	100	-74
2	3	DNC	1	18	40	50	10	57	100	-73
2	3	DNC	1	18	41	50	9	54	100	-73
2	3	DNC	1	18	40	50	10	59	100	-73
2	3	DNC	1	18	38	50	12	58	100	-73
2	3	DNC	1	18	43	50	7	54	100	-73
2	3	DNC	1	18	42	50	8	53	100	-73
2	3	DNC	1	18	46	50	4	63	100	-74
2	3	DNC	1	18	43	50	7	63	100	-73
2	3	DNC	1	18	30	50	20	37	100	-73
2	3	DNC	1	18	41	50	9	65	100	-73
2	3	DNC	1	18	37	50	13	52	100	-73
2	3	DNC	1	18	31	50	19	38	100	-73
2	3	DNC	1	18	33	50	17	39	100	-73
2	3	DNC	1	18	43	50	7	48	100	-73
2	3	DNC	1	18	36	50	14	46	100	-73
2	3	DNC	1	18	44	50	6	47	100	-74
2	3	DNC	1	18	46	50	4	70	100	-74
2	3	DNC	1	18	40	50	10	48	100	-73
2	3	DNC	1	18	44	50	6	58	100	-73
2	3	DNC	1	18	44	50	6	59	100	-74
2	3	DNC	1	18	44	50	6	56	100	-73
2	3	DNC	1	18	26	50	24	30	100	-73
2	3	DNC	1	18	42	50	8	54	100	-73
2	3	DNC	1	18	37	50	13	47	100	-73
2	3	DNC	1	18	45	50	5	65	100	-74
2	3	DNC	1	18	47	50	3	65	100	-73
2	3	DNC	1	18	44	50	6	66	100	-73
2	3	DNC	1	18	43	50	7	58	100	-73
2	3	DNC	1	18	44	50	6	59	100	-73
2	3	DNC	1	18	38	50	12	52	100	-73
2	3	DNC	1	18	38	50	12	51	100	-74
2	3	DNC	1	18	43	50	7	63	100	-73
2	3	DNC	1	18	37	50	13	55	100	-73
2	3	DNC	1	18	38	50	12	50	100	-73
2	3	DNC	1	18	36	50	14	45	100	-74
2	3	DNC	1	18	38	50	12	48	100	-74
2	3	DNC	1	18	45	50	5	64	100	-74
2	3	DNC	1	18	45	50	5	55	100	-74
2	3	DNC	1	18	45	50	5	70	100	-73
2	3	DNC	1	18	48	50	2	68	100	-73
2	3	DNC	0	18	50	50	0	81	100	-68
2	3	DNC	0	18	47	50	3	75	100	-68
2	3	DNC	0	18	48	50	2	83	100	-68
2	3	DNC	0	18	50	50	0	90	100	-68
2	3	DNC	0	18	48	50	2	79	100	-68
2	3	DNC	0	18	48	50	2	84	100	-68
2	3	DNC	0	18	48	50	2	78	100	-68
2	3	DNC	0	18	50	50	0	88	100	-68
2	3	DNC	0	18	41	50	9	71	100	-68
2	3	DNC	0	18	49	50	1	86	100	-68
2	3	DNC	0	18	45	50	5	79	100	-68
2	3	DNC	0	18	50	50	0	85	100	-68
2	3	DNC	0	18	48	50	2	79	100	-68
2	3	DNC	0	18	45	50	5	77	100	-68
2	3	DNC	0	18	50	50	0	80	100	-68
2	3	DNC	0	18	50	50	0	86	100	-68
2	3	DNC	0	18	44	50	6	74	100	-68
2	3	DNC	0	18	46	50	4	80	100	-68
2	3	DNC	0	18	39	50	11	59	100	-68
2	3	DNC	0	18	41	50	9	64	100	-68
2	3	DNC	0	18	46	50	4	85	100	-68
2	3	DNC	0	18	45	50	5	72	100	-68
2	3	DNC	0	18	46	50	4	72	100	-68
2	3	DNC	0	18	49	50	1	86	100	-68
2	3	DNC	0	18	46	50	4	79	100	-68
2	3	DNC	0	18	45	50	5	73	100	-68
2	3	DNC	0	18	50	50	0	73	100	-68
2	3	DNC	0	18	48	50	2	83	100	-68
2	3	DNC	0	18	44	50	6	83	100	-68
2	3	DNC	0	18	42	50	8	69	100	-68
2	3	DNC	0	18	49	50	1	80	100	-68
2	3	DNC	0	18	48	50	2	78	100	-68
2	3	DNC	0	18	41	50	9	71	100	-68
2	3	DNC	0	18	44	50	6	75	100	-68
2	3	DNC	0	18	45	50	5	67	100	-68
2	3	DNC	0	18	46	50	4	79	100	-68
2	3	DNC	0	18	48	50	2	82	100	-68
2	3	DNC	0	18	47	50	3	81	100	-68
2	3	DNC	1	18	39	50	11	52	100	-73
2	3	DNC	1	18	41	50	9	60	100	-73
2	3	DNC	1	18	44	50	6	60	100	-73
2	3	DNC	1	18	48	50	2	70	100	-73
2	3	DNC	1	18	40	50	10	59	100	-73
2	3	DNC	1	18	49	50	1	62	100	-73
2	3	DNC	1	18	45	50	5	59	100	-73
2	3	DNC	1	18	47	50	3	75	100	-73
2	3	DNC	1	18	38	50	12	56	100	-74
2	3	DNC	1	18	46	50	4	63	100	-74
2	3	DNC	1	18	45	50	5	63	100	-73
2	3	DNC	1	18	46	50	4	64	100	-73
2	3	DNC	1	18	41	50	9	52	100	-74
2	3	DNC	1	18	42	50	8	56	100	-73
2	3	DNC	1	18	43	50	7	64	100	-73
2	3	DNC	1	18	44	50	6	61	100	-73
2	3	DNC	1	18	40	50	10	60	100	-74
2	3	DNC	1	18	44	50	6	60	100	-73
2	3	DNC	1	18	33	50	17	35	100	-73
2	3	DNC	1	18	42	50	8	64	100	-73
2	3	DNC	1	18	41	50	9	55	100	-73
2	3	DNC	1	18	41	50	9	52	100	-74
2	3	DNC	1	18	43	50	7	60	100	-73
2	3	DNC	1	18	47	50	3	63	100	-74
2	3	DNC	1	18	45	50	5	69	100	-74
2	3	DNC	1	18	40	50	10	56	100	-73
2	3	DNC	1	18	44	50	6	66	100	-73
2	3	DNC	1	18	45	50	5	50	100	-73
2	3	DNC	1	18	44	50	6	57	100	-73
2	3	DNC	1	18	33	50	17	43	100	-74
2	3	DNC	1	18	40	50	10	52	100	-74
2	3	DNC	1	18	37	50	13	47	100	-73
2	3	DNC	1	18	33	50	17	38	100	-73
2	3	DNC	1	18	41	50	9	60	100	-73
2	3	DNC	1	18	43	50	7	65	100	-74
2	3	DNC	1	18	43	50	7	60	100	-74
2	3	DNC	1	18	47	50	3	63	100	-74
2	3	DNC	1	18	45	50	5	72	100	-74
2	4	BNC	0	18	46	50	4	72	100	-74
2	4	BNC	0	18	46	50	4	75	100	-73
2	4	BNC	0	18	49	50	1	87	100	-72
2	4	BNC	0	18	45	50	5	66	100	-71
2	4	BNC	0	18	41	50	9	63	100	-71
2	4	BNC	0	18	46	50	4	77	100	-71
2	4	BNC	0	18	40	50	10	67	100	-71
2	4	BNC	0	18	46	50	4	73	100	-71
2	4	BNC	0	18	39	50	11	50	100	-71
2	4	BNC	0	18	41	50	9	65	100	-71
2	4	BNC	0	18	46	50	4	73	100	-71
2	4	BNC	0	18	43	50	7	67	100	-71
2	4	BNC	0	18	49	50	1	79	100	-71
2	4	BNC	0	18	48	50	2	79	100	-71
2	4	BNC	0	18	49	50	1	87	100	-71
2	4	BNC	0	18	47	50	3	81	100	-71
2	4	BNC	0	18	47	50	3	80	100	-71
2	4	BNC	0	18	47	50	3	77	100	-71
2	4	BNC	0	18	47	50	3	75	100	-71
2	4	BNC	0	18	40	50	10	61	100	-71
2	4	BNC	0	18	42	50	8	69	100	-71
2	4	BNC	0	18	43	50	7	67	100	-71
2	4	BNC	0	18	42	50	8	62	100	-71
2	4	BNC	0	18	46	50	4	75	100	-71
2	4	BNC	0	18	46	50	4	77	100	-71
2	4	BNC	0	18	46	50	4	75	100	-71
2	4	BNC	0	18	40	50	10	58	100	-71
2	4	BNC	0	18	46	50	4	77	100	-71
2	4	BNC	0	18	42	50	8	64	100	-71
2	4	BNC	0	18	35	50	15	51	100	-71
2	4	BNC	0	18	29	50	21	39	100	-71
2	4	BNC	0	18	40	50	10	60	100	-71
2	4	BNC	0	18	40	50	10	64	100	-71
2	4	BNC	0	18	46	50	4	80	100	-71
2	4	BNC	0	18	46	50	4	67	100	-71
2	4	BNC	0	18	43	50	7	67	100	-71
2	4	BNC	0	18	36	50	14	60	100	-71
2	4	BNC	0	18	46	50	4	74	100	-71
2	4	BNC	0	18	47	50	3	72	100	-71
2	4	BNC	0	18	37	50	13	58	100	-71
2	4	BNC	0	18	47	50	3	70	100	-71
2	4	BNC	0	18	49	50	1	82	100	-71
2	4	BNC	0	18	47	50	3	75	100	-71
2	4	BNC	0	18	46	50	4	72	100	-71
2	4	BNC	0	18	48	50	2	79	100	-71
2	4	BNC	0	18	47	50	3	69	100	-71
2	4	BNC	0	18	49	50	1	80	100	-71
2	4	BNC	0	18	48	50	2	81	100	-71
2	4	BNC	0	18	50	50	0	86	100	-71
2	4	BNC	0	18	50	50	0	88	100	-71
2	4	BNC	0	18	50	50	0	80	100	-71
2	4	BNC	0	18	48	50	2	83	100	-71
2	4	BNC	0	18	41	50	9	62	100	-71
2	4	BNC	0	18	47	50	3	80	100	-71
2	4	BNC	0	18	50	50	0	87	100	-71
2	4	BNC	0	18	50	50	0	88	100	-71
2	4	BNC	0	18	47	50	3	83	100	-71
2	4	BNC	0	18	50	50	0	83	100	-71
2	4	BNC	0	18	49	50	1	85	100	-71
2	4	BNC	0	18	49	50	1	77	100	-71
2	4	BNC	0	18	50	50	0	89	100	-71
2	4	BNC	0	18	45	50	5	79	100	-71
2	4	BNC	0	18	50	50	0	83	100	-71
2	4	BNC	0	18	47	50	3	71	100	-71
2	4	BNC	0	18	48	50	2	83	100	-71
2	4	BNC	0	18	49	50	1	82	100	-71
2	4	BNC	1	18	14	50	36	8	100	-83
2	4	BNC	1	18	41	50	9	59	100	-70
2	4	BNC	1	18	45	50	5	72	100	-70
2	4	BNC	1	18	38	50	12	51	100	-70
2	4	BNC	1	18	36	50	14	55	100	-70
2	4	BNC	1	18	37	50	13	57	100	-70
2	4	BNC	1	18	39	50	11	54	100	-70
2	4	BNC	1	18	44	50	6	60	100	-70
2	4	BNC	1	18	32	50	18	39	100	-70
2	4	BNC	1	18	38	50	12	59	100	-70
2	4	BNC	1	18	45	50	5	70	100	-70
2	4	BNC	1	18	35	50	15	46	100	-70
2	4	BNC	1	18	45	50	5	69	100	-70
2	4	BNC	1	18	46	50	4	64	100	-70
2	4	BNC	1	18	46	50	4	69	100	-70
2	4	BNC	1	18	43	50	7	61	100	-70
2	4	BNC	1	18	39	50	11	61	100	-70
2	4	BNC	1	18	45	50	5	69	100	-70
2	4	BNC	1	18	44	50	6	71	100	-70
2	4	BNC	1	18	35	50	15	49	100	-70
2	4	BNC	1	18	40	50	10	54	100	-70
2	4	BNC	1	18	44	50	6	65	100	-70
2	4	BNC	1	18	49	50	1	72	100	-70
2	4	BNC	1	18	43	50	7	63	100	-70
2	4	BNC	1	18	47	50	3	72	100	-70
2	4	BNC	1	18	46	50	4	70	100	-70
2	4	BNC	1	18	40	50	10	60	100	-70
2	4	BNC	1	18	46	50	4	77	100	-70
2	4	BNC	1	18	40	50	10	56	100	-70
2	4	BNC	1	18	28	50	22	38	100	-70
2	4	BNC	1	18	31	50	19	46	100	-70
2	4	BNC	1	18	38	50	12	51	100	-70
2	4	BNC	1	18	40	50	10	64	100	-70
2	4	BNC	1	18	42	50	8	62	100	-70
2	4	BNC	1	18	44	50	6	70	100	-70
2	4	BNC	1	18	39	50	11	59	100	-70
2	4	BNC	1	18	39	50	11	58	100	-70
2	4	BNC	1	18	46	50	4	72	100	-70
2	4	BNC	1	18	45	50	5	67	100	-70
2	4	BNC	1	18	35	50	15	45	100	-70
2	4	BNC	1	18	49	50	1	80	100	-70
2	4	BNC	1	18	48	50	2	65	100	-70
2	4	BNC	1	18	47	50	3	76	100	-70
2	4	BNC	1	18	47	50	3	70	100	-69
2	4	BNC	1	18	49	50	1	78	100	-70
2	4	BNC	1	18	46	50	4	71	100	-70
2	4	BNC	1	18	48	50	2	73	100	-69
2	4	BNC	1	18	47	50	3	81	100	-70
2	4	BNC	1	18	50	50	0	89	100	-70
2	4	BNC	1	18	46	50	4	73	100	-70
2	4	BNC	1	18	47	50	3	73	100	-70
2	4	BNC	1	18	45	50	5	73	100	-70
2	4	BNC	1	18	39	50	11	60	100	-70
2	4	BNC	1	18	47	50	3	73	100	-70
2	4	BNC	1	18	46	50	4	76	100	-70
2	4	BNC	1	18	49	50	1	84	100	-69
2	4	BNC	1	18	47	50	3	81	100	-70
2	4	BNC	1	18	49	50	1	76	100	-70
2	4	BNC	1	18	47	50	3	73	100	-70
2	4	BNC	1	18	46	50	4	72	100	-70
2	4	BNC	1	18	49	50	1	84	100	-69
2	4	BNC	1	18	44	50	6	70	100	-69
2	4	BNC	1	18	48	50	2	78	100	-70
2	4	BNC	1	18	43	50	7	67	100	-70
2	4	BNC	1	18	48	50	2	79	100	-70
2	4	BNC	1	18	44	50	6	71	100	-70
2	4	DAF	0	18	47	50	3	79	100	-71
2	4	DAF	0	18	48	50	2	85	100	-71
2	4	DAF	0	18	40	50	10	60	100	-71
2	4	DAF	0	18	42	50	8	66	100	-71
2	4	DAF	0	18	46	50	4	77	100	-71
2	4	DAF	0	18	39	50	11	61	100	-71
2	4	DAF	0	18	38	50	12	69	100	-71
2	4	DAF	0	18	46	50	4	84	100	-71
2	4	DAF	0	18	41	50	9	61	100	-71
2	4	DAF	0	18	35	50	15	54	100	-71
2	4	DAF	0	18	48	50	2	78	100	-71
2	4	DAF	0	18	48	50	2	86	100	-71
2	4	DAF	0	18	40	50	10	62	100	-71
2	4	DAF	0	18	40	50	10	65	100	-71
2	4	DAF	0	18	44	50	6	74	100	-71
2	4	DAF	0	18	41	50	9	63	100	-71
2	4	DAF	0	18	42	50	8	73	100	-71
2	4	DAF	0	18	33	50	17	55	100	-71
2	4	DAF	0	18	44	50	6	74	100	-71
2	4	DAF	0	18	43	50	7	72	100	-71
2	4	DAF	0	18	33	50	17	54	100	-71
2	4	DAF	0	18	41	50	9	66	100	-71
2	4	DAF	0	18	42	50	8	74	100	-71
2	4	DAF	0	18	46	50	4	80	100	-71
2	4	DAF	0	18	45	50	5	72	100	-71
2	4	DAF	0	18	39	50	11	69	100	-71
2	4	DAF	0	18	31	50	19	49	100	-71
2	4	DAF	0	18	48	50	2	85	100	-71
2	4	DAF	0	18	35	50	15	56	100	-71
2	4	DAF	0	18	42	50	8	72	100	-71
2	4	DAF	0	18	41	50	9	81	100	-71
2	4	DAF	0	18	44	50	6	82	100	-71
2	4	DAF	0	18	46	50	4	77	100	-71
2	4	DAF	0	18	48	50	2	90	100	-71
2	4	DAF	0	18	43	50	7	75	100	-71
2	4	DAF	0	18	44	50	6	72	100	-71
2	4	DAF	0	18	30	50	20	56	100	-71
2	4	DAF	0	18	46	50	4	88	100	-71
2	4	DAF	0	18	47	50	3	81	100	-71
2	4	DAF	0	18	45	50	5	79	100	-71
2	4	DAF	0	18	41	50	9	74	100	-71
2	4	DAF	0	18	48	50	2	87	100	-71
2	4	DAF	0	18	45	50	5	87	100	-71
2	4	DAF	0	18	44	50	6	76	100	-71
2	4	DAF	0	18	47	50	3	87	100	-71
2	4	DAF	0	18	48	50	2	88	100	-71
2	4	DAF	0	18	49	50	1	81	100	-71
2	4	DAF	0	18	43	50	7	67	100	-71
2	4	DAF	0	18	48	50	2	85	100	-71
2	4	DAF	0	18	43	50	7	70	100	-71
2	4	DAF	0	18	48	50	2	81	100	-71
2	4	DAF	0	18	44	50	6	79	100	-71
2	4	DAF	0	18	47	50	3	80	100	-71
2	4	DAF	0	18	45	50	5	80	100	-71
2	4	DAF	0	18	46	50	4	85	100	-71
2	4	DAF	0	18	49	50	1	85	100	-71
2	4	DAF	0	18	44	50	6	81	100	-71
2	4	DAF	0	18	40	50	10	67	100	-71
2	4	DAF	0	18	48	50	2	93	100	-71
2	4	DAF	1	18	38	50	12	64	100	-72
2	4	DAF	1	18	34	50	16	67	100	-70
2	4	DAF	1	18	35	50	15	46	100	-70
2	4	DAF	1	18	30	50	20	52	100	-70
2	4	DAF	1	18	35	50	15	61	100	-70
2	4	DAF	1	18	29	50	21	50	100	-70
2	4	DAF	1	18	40	50	10	68	100	-70
2	4	DAF	1	18	42	50	8	73	100	-70
2	4	DAF	1	18	28	50	22	45	100	-70
2	4	DAF	1	18	24	50	26	42	100	-70
2	4	DAF	1	18	33	50	17	59	100	-70
2	4	DAF	1	18	37	50	13	73	100	-70
2	4	DAF	1	18	35	50	15	54	100	-70
2	4	DAF	1	18	39	50	11	67	100	-70
2	4	DAF	1	18	35	50	15	62	100	-70
2	4	DAF	1	18	42	50	8	69	100	-70
2	4	DAF	1	18	39	50	11	67	100	-70
2	4	DAF	1	18	21	50	29	41	100	-70
2	4	DAF	1	18	35	50	15	63	100	-70
2	4	DAF	1	18	35	50	15	62	100	-70
2	4	DAF	1	18	26	50	24	49	100	-70
2	4	DAF	1	18	33	50	17	61	100	-70
2	4	DAF	1	18	34	50	16	57	100	-70
2	4	DAF	1	18	37	50	13	74	100	-70
2	4	DAF	1	18	41	50	9	71	100	-70
2	4	DAF	1	18	39	50	11	59	100	-70
2	4	DAF	1	18	35	50	15	58	100	-70
2	4	DAF	1	18	40	50	10	66	100	-70
2	4	DAF	1	18	45	50	5	76	100	-70
2	4	DAF	1	18	34	50	16	63	100	-70
2	4	DAF	1	18	43	50	7	74	100	-70
2	4	DAF	1	18	49	50	1	80	100	-70
2	4	DAF	1	18	41	50	9	82	100	-70
2	4	DAF	1	18	43	50	7	71	100	-70
2	4	DAF	1	18	43	50	7	76	100	-70
2	4	DAF	1	18	39	50	11	65	100	-70
2	4	DAF	1	18	28	50	22	46	100	-69
2	4	DAF	1	18	46	50	4	83	100	-69
2	4	DAF	1	18	39	50	11	73	100	-70
2	4	DAF	1	18	41	50	9	74	100	-70
2	4	DAF	1	18	47	50	3	76	100	-69
2	4	DAF	1	18	40	50	10	71	100	-70
2	4	DAF	1	18	42	50	8	75	100	-70
2	4	DAF	1	18	37	50	13	72	100	-70
2	4	DAF	1	18	40	50	10	74	100	-70
2	4	DAF	1	18	42	50	8	74	100	-70
2	4	DAF	1	18	37	50	13	72	100	-70
2	4	DAF	1	18	36	50	14	66	100	-70
2	4	DAF	1	18	41	50	9	78	100	-70
2	4	DAF	1	18	35	50	15	69	100	-70
2	4	DAF	1	18	38	50	12	76	100	-69
2	4	DAF	1	18	44	50	6	81	100	-70
2	4	DAF	1	18	42	50	8	75	100	-70
2	4	DAF	1	18	46	50	4	84	100	-69
2	4	DAF	1	18	38	50	12	78	100	-69
2	4	DAF	1	18	44	50	6	80	100	-69
2	4	DAF	1	18	40	50	10	81	100	-70
2	4	DAF	1	18	37	50	13	72	100	-69
2	4	DAF	1	18	39	50	11	74	100	-69
2	4	DNC	0	18	49	50	1	82	100	-74
2	4	DNC	0	18	44	50	6	71	100	-73
2	4	DNC	0	18	46	50	4	78	100	-73
2	4	DNC	0	18	49	50	1	80	100	-71
2	4	DNC	0	18	45	50	5	76	100	-71
2	4	DNC	0	18	41	50	9	60	100	-71
2	4	DNC	0	18	45	50	5	72	100	-71
2	4	DNC	0	18	48	50	2	82	100	-71
2	4	DNC	0	18	49	50	1	75	100	-71
2	4	DNC	0	18	49	50	1	80	100	-71
2	4	DNC	0	18	43	50	7	68	100	-71
2	4	DNC	0	18	42	50	8	60	100	-71
2	4	DNC	0	18	47	50	3	74	100	-71
2	4	DNC	0	18	25	50	25	35	100	-71
2	4	DNC	0	18	41	50	9	63	100	-71
2	4	DNC	0	18	47	50	3	77	100	-71
2	4	DNC	0	18	49	50	1	84	100	-71
2	4	DNC	0	18	46	50	4	80	100	-71
2	4	DNC	0	18	48	50	2	81	100	-71
2	4	DNC	0	18	48	50	2	86	100	-71
2	4	DNC	0	18	46	50	4	75	100	-71
2	4	DNC	0	18	49	50	1	78	100	-71
2	4	DNC	0	18	46	50	4	75	100	-71
2	4	DNC	0	18	39	50	11	59	100	-71
2	4	DNC	0	18	45	50	5	72	100	-71
2	4	DNC	0	18	45	50	5	70	100	-71
2	4	DNC	0	18	39	50	11	56	100	-71
2	4	DNC	0	18	48	50	2	76	100	-71
2	4	DNC	0	18	29	50	21	44	100	-71
2	4	DNC	0	18	47	50	3	76	100	-71
2	4	DNC	0	18	47	50	3	83	100	-71
2	4	DNC	0	18	45	50	5	72	100	-71
2	4	DNC	0	18	38	50	12	64	100	-71
2	4	DNC	0	18	41	50	9	60	100	-71
2	4	DNC	0	18	29	50	21	46	100	-71
2	4	DNC	0	18	44	50	6	71	100	-71
2	4	DNC	0	18	41	50	9	61	100	-71
2	4	DNC	0	18	41	50	9	58	100	-71
2	4	DNC	0	18	47	50	3	80	100	-71
2	4	DNC	0	18	49	50	1	74	100	-71
2	4	DNC	0	18	43	50	7	68	100	-71
2	4	DNC	0	18	48	50	2	79	100	-71
2	4	DNC	0	18	50	50	0	86	100	-71
2	4	DNC	0	18	49	50	1	84	100	-71
2	4	DNC	0	18	47	50	3	83	100	-71
2	4	DNC	0	18	48	50	2	75	100	-71
2	4	DNC	0	18	49	50	1	82	100	-71
2	4	DNC	0	18	49	50	1	79	100	-71
2	4	DNC	0	18	47	50	3	78	100	-71
2	4	DNC	0	18	45	50	5	78	100	-71
2	4	DNC	0	18	46	50	4	75	100	-71
2	4	DNC	0	18	50	50	0	85	100	-71
2	4	DNC	0	18	49	50	1	84	100	-71
2	4	DNC	0	18	49	50	1	85	100	-71
2	4	DNC	0	18	48	50	2	77	100	-71
2	4	DNC	0	18	47	50	3	79	100	-71
2	4	DNC	0	18	46	50	4	74	100	-71
2	4	DNC	0	18	47	50	3	79	100	-71
2	4	DNC	0	18	48	50	2	76	100	-71
2	4	DNC	0	18	48	50	2	82	100	-71
2	4	DNC	0	18	35	50	15	58	100	-71
2	4	DNC	0	18	48	50	2	78	100	-71
2	4	DNC	0	18	49	50	1	84	100	-71
2	4	DNC	0	18	48	50	2	82	100	-71
2	4	DNC	0	18	50	50	0	88	100	-71
2	4	DNC	0	18	47	50	3	77	100	-71
2	4	DNC	0	18	48	50	2	86	100	-71
2	4	DNC	0	18	50	50	0	87	100	-71
2	4	DNC	1	18	23	50	27	5	100	-84
2	4	DNC	1	18	45	50	5	65	100	-70
2	4	DNC	1	18	40	50	10	61	100	-70
2	4	DNC	1	18	47	50	3	71	100	-70
2	4	DNC	1	18	41	50	9	53	100	-70
2	4	DNC	1	18	38	50	12	50	100	-70
2	4	DNC	1	18	37	50	13	54	100	-70
2	4	DNC	1	18	47	50	3	63	100	-70
2	4	DNC	1	18	43	50	7	61	100	-70
2	4	DNC	1	18	43	50	7	66	100	-70
2	4	DNC	1	18	41	50	9	61	100	-70
2	4	DNC	1	18	35	50	15	49	100	-70
2	4	DNC	1	18	44	50	6	71	100	-70
2	4	DNC	1	18	23	50	27	32	100	-70
2	4	DNC	1	18	38	50	12	56	100	-70
2	4	DNC	1	18	45	50	5	68	100	-70
2	4	DNC	1	18	41	50	9	55	100	-70
2	4	DNC	1	18	45	50	5	69	100	-70
2	4	DNC	1	18	48	50	2	66	100	-70
2	4	DNC	1	18	46	50	4	66	100	-70
2	4	DNC	1	18	40	50	10	57	100	-70
2	4	DNC	1	18	47	50	3	78	100	-70
2	4	DNC	1	18	38	50	12	56	100	-70
2	4	DNC	1	18	37	50	13	55	100	-70
2	4	DNC	1	18	44	50	6	66	100	-70
2	4	DNC	1	18	46	50	4	74	100	-70
2	4	DNC	1	18	37	50	13	49	100	-70
2	4	DNC	1	18	43	50	7	60	100	-70
2	4	DNC	1	18	26	50	24	43	100	-70
2	4	DNC	1	18	45	50	5	65	100	-70
2	4	DNC	1	18	46	50	4	68	100	-70
2	4	DNC	1	18	40	50	10	61	100	-70
2	4	DNC	1	18	35	50	15	46	100	-70
2	4	DNC	1	18	38	50	12	56	100	-70
2	4	DNC	1	18	30	50	20	43	100	-70
2	4	DNC	1	18	46	50	4	66	100	-70
2	4	DNC	1	18	42	50	8	63	100	-70
2	4	DNC	1	18	41	50	9	67	100	-70
2	4	DNC	1	18	48	50	2	79	100	-70
2	4	DNC	1	18	45	50	5	70	100	-70
2	4	DNC	1	18	45	50	5	69	100	-70
2	4	DNC	1	18	48	50	2	74	100	-70
2	4	DNC	1	18	49	50	1	83	100	-70
2	4	DNC	1	18	46	50	4	67	100	-69
2	4	DNC	1	18	47	50	3	76	100	-69
2	4	DNC	1	18	46	50	4	73	100	-70
2	4	DNC	1	18	49	50	1	76	100	-69
2	4	DNC	1	18	48	50	2	74	100	-70
2	4	DNC	1	18	49	50	1	77	100	-70
2	4	DNC	1	18	48	50	2	82	100	-70
2	4	DNC	1	18	46	50	4	74	100	-70
2	4	DNC	1	18	49	50	1	86	100	-70
2	4	DNC	1	18	49	50	1	79	100	-69
2	4	DNC	1	18	49	50	1	73	100	-69
2	4	DNC	1	18	47	50	3	83	100	-70
2	4	DNC	1	18	48	50	2	73	100	-70
2	4	DNC	1	18	49	50	1	81	100	-69
2	4	DNC	1	18	48	50	2	78	100	-70
2	4	DNC	1	18	49	50	1	86	100	-69
2	4	DNC	1	18	46	50	4	69	100	-70
2	4	DNC	1	18	29	50	21	43	100	-70
2	4	DNC	1	18	46	50	4	79	100	-70
2	4	DNC	1	18	46	50	4	69	100	-69
2	4	DNC	1	18	49	50	1	77	100	-70
2	4	DNC	1	18	45	50	5	75	100	-70
2	4	DNC	1	18	46	50	4	69	100	-70
2	4	DNC	1	18	48	50	2	79	100	-70
2	4	DNC	1	18	49	50	1	84	100	-69
2	4	DNC	0	18	45	50	5	71	100	-73
2	4	DNC	0	18	43	50	7	69	100	-73
2	4	DNC	0	18	39	50	11	55	100	-72
2	4	DNC	0	18	48	50	2	83	100	-71
2	4	DNC	0	18	43	50	7	67	100	-71
2	4	DNC	0	18	48	50	2	80	100	-71
2	4	DNC	0	18	46	50	4	80	100	-71
2	4	DNC	0	18	48	50	2	87	100	-71
2	4	DNC	0	18	44	50	6	68	100	-71
2	4	DNC	0	18	40	50	10	68	100	-71
2	4	DNC	0	18	35	50	15	57	100	-71
2	4	DNC	0	18	47	50	3	77	100	-71
2	4	DNC	0	18	42	50	8	63	100	-71
2	4	DNC	0	18	30	50	20	44	100	-71
2	4	DNC	0	18	49	50	1	77	100	-71
2	4	DNC	0	18	50	50	0	79	100	-71
2	4	DNC	0	18	46	50	4	81	100	-71
2	4	DNC	0	18	48	50	2	78	100	-71
2	4	DNC	0	18	44	50	6	71	100	-71
2	4	DNC	0	18	40	50	10	56	100	-71
2	4	DNC	0	18	47	50	3	70	100	-71
2	4	DNC	0	18	40	50	10	63	100	-71
2	4	DNC	0	18	47	50	3	82	100	-71
2	4	DNC	0	18	47	50	3	75	100	-71
2	4	DNC	0	18	48	50	2	82	100	-71
2	4	DNC	0	18	47	50	3	76	100	-71
2	4	DNC	0	18	43	50	7	71	100	-71
2	4	DNC	0	18	45	50	5	65	100	-71
2	4	DNC	0	18	45	50	5	73	100	-71
2	4	DNC	0	18	48	50	2	74	100	-71
2	4	DNC	0	18	45	50	5	69	100	-71
2	4	DNC	0	18	42	50	8	63	100	-71
2	4	DNC	0	18	41	50	9	63	100	-71
2	4	DNC	0	18	34	50	16	46	100	-71
2	4	DNC	0	18	30	50	20	46	100	-71
2	4	DNC	0	18	48	50	2	84	100	-71
2	4	DNC	0	18	44	50	6	65	100	-71
2	4	DNC	0	18	44	50	6	76	100	-71
2	4	DNC	0	18	49	50	1	74	100	-71
2	4	DNC	0	18	47	50	3	75	100	-71
2	4	DNC	0	18	47	50	3	80	100	-71
2	4	DNC	0	18	49	50	1	86	100	-71
2	4	DNC	0	18	50	50	0	82	100	-71
2	4	DNC	0	18	50	50	0	84	100	-71
2	4	DNC	0	18	49	50	1	84	100	-71
2	4	DNC	0	18	46	50	4	73	100	-71
2	4	DNC	0	18	47	50	3	69	100	-71
2	4	DNC	0	18	49	50	1	87	100	-71
2	4	DNC	0	18	50	50	0	86	100	-71
2	4	DNC	0	18	48	50	2	81	100	-71
2	4	DNC	0	18	45	50	5	77	100	-71
2	4	DNC	0	18	48	50	2	81	100	-71
2	4	DNC	0	18	45	50	5	78	100	-71
2	4	DNC	0	18	49	50	1	81	100	-71
2	4	DNC	0	18	49	50	1	81	100	-71
2	4	DNC	0	18	47	50	3	80	100	-71
2	4	DNC	0	18	47	50	3	78	100	-71
2	4	DNC	0	18	49	50	1	77	100	-71
2	4	DNC	0	18	47	50	3	79	100	-71
2	4	DNC	0	18	47	50	3	76	100	-71
2	4	DNC	0	18	50	50	0	91	100	-71
2	4	DNC	0	18	49	50	1	91	100	-71
2	4	DNC	0	18	50	50	0	89	100	-71
2	4	DNC	0	18	49	50	1	83	100	-71
2	4	DNC	0	18	49	50	1	82	100	-71
2	4	DNC	0	18	48	50	2	79	100	-71
2	4	DNC	0	18	50	50	0	88	100	-71
2	4	DNC	1	18	40	50	10	46	100	-71
2	4	DNC	1	18	39	50	11	60	100	-70
2	4	DNC	1	18	46	50	4	71	100	-70
2	4	DNC	1	18	47	50	3	63	100	-70
2	4	DNC	1	18	24	50	26	32	100	-70
2	4	DNC	1	18	38	50	12	58	100	-70
2	4	DNC	1	18	46	50	4	69	100	-70
2	4	DNC	1	18	46	50	4	68	100	-70
2	4	DNC	1	18	39	50	11	53	100	-70
2	4	DNC	1	18	44	50	6	62	100	-70
2	4	DNC	1	18	36	50	14	49	100	-70
2	4	DNC	1	18	43	50	7	67	100	-70
2	4	DNC	1	18	42	50	8	56	100	-70
2	4	DNC	1	18	36	50	14	55	100	-70
2	4	DNC	1	18	46	50	4	70	100	-70
2	4	DNC	1	18	46	50	4	68	100	-70
2	4	DNC	1	18	49	50	1	72	100	-70
2	4	DNC	1	18	44	50	6	63	100	-70
2	4	DNC	1	18	41	50	9	61	100	-70
2	4	DNC	1	18	44	50	6	60	100	-70
2	4	DNC	1	18	43	50	7	60	100	-70
2	4	DNC	1	18	41	50	9	54	100	-70
2	4	DNC	1	18	45	50	5	67	100	-70
2	4	DNC	1	18	45	50	5	65	100	-70
2	4	DNC	1	18	44	50	6	68	100	-70
2	4	DNC	1	18	48	50	2	75	100	-70
2	4	DNC	1	18	44	50	6	71	100	-70
2	4	DNC	1	18	46	50	4	63	100	-70
2	4	DNC	1	18	44	50	6	66	100	-70
2	4	DNC	1	18	42	50	8	59	100	-70
2	4	DNC	1	18	46	50	4	70	100	-70
2	4	DNC	1	18	37	50	13	54	100	-70
2	4	DNC	1	18	39	50	11	60	100	-70
2	4	DNC	1	18	29	50	21	38	100	-70
2	4	DNC	1	18	28	50	22	35	100	-70
2	4	DNC	1	18	46	50	4	67	100	-70
2	4	DNC	1	18	46	50	4	76	100	-70
2	4	DNC	1	18	46	50	4	67	100	-70
2	4	DNC	1	18	42	50	8	61	100	-70
2	4	DNC	1	18	44	50	6	68	100	-70
2	4	DNC	1	18	46	50	4	74	100	-70
2	4	DNC	1	18	47	50	3	72	100	-70
2	4	DNC	1	18	47	50	3	80	100	-70
2	4	DNC	1	18	48	50	2	77	100	-70
2	4	DNC	1	18	46	50	4	84	100	-69
2	4	DNC	1	18	47	50	3	72	100	-70
2	4	DNC	1	18	44	50	6	64	100	-70
2	4	DNC	1	18	49	50	1	88	100	-70
2	4	DNC	1	18	50	50	0	88	100	-69
2	4	DNC	1	18	48	50	2	87	100	-70
2	4	DNC	1	18	43	50	7	66	100	-69
2	4	DNC	1	18	49	50	1	81	100	-70
2	4	DNC	1	18	48	50	2	83	100	-70
2	4	DNC	1	18	46	50	4	76	100	-69
2	4	DNC	1	18	47	50	3	78	100	-70
2	4	DNC	1	18	49	50	1	79	100	-70
2	4	DNC	1	18	44	50	6	64	100	-69
2	4	DNC	1	18	46	50	4	82	100	-69
2	4	DNC	1	18	46	50	4	75	100	-70
2	4	DNC	1	18	48	50	2	82	100	-70
2	4	DNC	1	18	48	50	2	89	100	-70
2	4	DNC	1	18	47	50	3	69	100	-70
2	4	DNC	1	18	49	50	1	87	100	-70
2	4	DNC	1	18	47	50	3	77	100	-70
2	4	DNC	1	18	49	50	1	78	100	-69
2	4	DNC	1	18	47	50	3	73	100	-70
2	4	DNC	1	18	50	50	0	84	100	-70
